This is pdfTeX, Version 3.14159265-2.6-1.40.16 (TeX Live 2015) (preloaded format=pdflatex 2015.5.24)  9 FEB 2016 23:27
entering extended mode
 restricted \write18 enabled.
 file:line:error style messages enabled.
 %&-line parsing enabled.
**A1.tex
(./A1.tex
LaTeX2e <2015/01/01>
Babel <3.9l> and hyphenation patterns for 79 languages loaded.
(/usr/local/texlive/2015/texmf-dist/tex/latex/base/article.cls
Document Class: article 2014/09/29 v1.4h Standard LaTeX document class
(/usr/local/texlive/2015/texmf-dist/tex/latex/base/size10.clo
File: size10.clo 2014/09/29 v1.4h Standard LaTeX file (size option)
)
\c@part=\count79
\c@section=\count80
\c@subsection=\count81
\c@subsubsection=\count82
\c@paragraph=\count83
\c@subparagraph=\count84
\c@figure=\count85
\c@table=\count86
\abovecaptionskip=\skip41
\belowcaptionskip=\skip42
\bibindent=\dimen102
)
(/usr/local/texlive/2015/texmf-dist/tex/latex/preprint/fullpage.sty
Package: fullpage 1999/02/23 1.1 (PWD)
\FP@margin=\skip43
)
(/usr/local/texlive/2015/texmf-dist/tex/generic/ulem/ulem.sty
\UL@box=\box26
\UL@hyphenbox=\box27
\UL@skip=\skip44
\UL@hook=\toks14
\UL@height=\dimen103
\UL@pe=\count87
\UL@pixel=\dimen104
\ULC@box=\box28
Package: ulem 2012/05/18
\ULdepth=\dimen105
)
(/usr/local/texlive/2015/texmf-dist/tex/latex/amsmath/amstext.sty
Package: amstext 2000/06/29 v2.01

(/usr/local/texlive/2015/texmf-dist/tex/latex/amsmath/amsgen.sty
File: amsgen.sty 1999/11/30 v2.0
\@emptytoks=\toks15
\ex@=\dimen106
))
(/usr/local/texlive/2015/texmf-dist/tex/latex/amsfonts/amssymb.sty
Package: amssymb 2013/01/14 v3.01 AMS font symbols

(/usr/local/texlive/2015/texmf-dist/tex/latex/amsfonts/amsfonts.sty
Package: amsfonts 2013/01/14 v3.01 Basic AMSFonts support
\symAMSa=\mathgroup4
\symAMSb=\mathgroup5
LaTeX Font Info:    Overwriting math alphabet `\mathfrak' in version `bold'
(Font)                  U/euf/m/n --> U/euf/b/n on input line 106.
)) (./A1.aux)
\openout1 = `A1.aux'.

LaTeX Font Info:    Checking defaults for OML/cmm/m/it on input line 9.
LaTeX Font Info:    ... okay on input line 9.
LaTeX Font Info:    Checking defaults for T1/cmr/m/n on input line 9.
LaTeX Font Info:    ... okay on input line 9.
LaTeX Font Info:    Checking defaults for OT1/cmr/m/n on input line 9.
LaTeX Font Info:    ... okay on input line 9.
LaTeX Font Info:    Checking defaults for OMS/cmsy/m/n on input line 9.
LaTeX Font Info:    ... okay on input line 9.
LaTeX Font Info:    Checking defaults for OMX/cmex/m/n on input line 9.
LaTeX Font Info:    ... okay on input line 9.
LaTeX Font Info:    Checking defaults for U/cmr/m/n on input line 9.
LaTeX Font Info:    ... okay on input line 9.

Underfull \hbox (badness 10000) in paragraph at lines 11--15

 []

LaTeX Font Info:    Try loading font information for OMS+cmr on input line 19.
(/usr/local/texlive/2015/texmf-dist/tex/latex/base/omscmr.fd
File: omscmr.fd 2014/09/29 v2.5h Standard LaTeX font definitions
)
LaTeX Font Info:    Font shape `OMS/cmr/m/n' in size <10> not available
(Font)              Font shape `OMS/cmsy/m/n' tried instead on input line 19.
LaTeX Font Info:    Try loading font information for U+msa on input line 19.

(/usr/local/texlive/2015/texmf-dist/tex/latex/amsfonts/umsa.fd
File: umsa.fd 2013/01/14 v3.01 AMS symbols A
)
LaTeX Font Info:    Try loading font information for U+msb on input line 19.

(/usr/local/texlive/2015/texmf-dist/tex/latex/amsfonts/umsb.fd
File: umsb.fd 2013/01/14 v3.01 AMS symbols B
)
Overfull \hbox (36.07729pt too wide) in paragraph at lines 64--109
\OML/cmm/m/it/12 AllTickets\OT1/cmr/m/n/12 ([]) := ^^E[]\OML/cmm/m/it/12 ^^[[]\
OT1/cmr/m/n/12 (\OML/cmm/m/it/12 Ticket .[]/ AllConcerts\OT1/cmr/m/n/12 ) 
 []


Overfull \hbox (23.96481pt too wide) in paragraph at lines 64--109
\OML/cmm/m/it/12 AllPurchased\OT1/cmr/m/n/12 ([]) := ^^E[]\OML/cmm/m/it/12 ^^[[
][] 
 []


Underfull \hbox (badness 10000) in paragraph at lines 64--109

 []

[1

{/usr/local/texlive/2015/texmf-var/fonts/map/pdftex/updmap/pdftex.map}]
Overfull \hbox (9.35527pt too wide) in paragraph at lines 109--150
\OT1/cmr/m/n/12 ^^E[]\OML/cmm/m/it/12 ^^[[][] 
 []


Underfull \hbox (badness 10000) in paragraph at lines 109--150

 []


Overfull \hbox (17.28801pt too wide) in paragraph at lines 150--182
\OML/cmm/m/it/12 AtleastTwo\OT1/cmr/m/n/12 ([]) := ^^E[]\OML/cmm/m/it/12 ^^[[][
] 
 []


Underfull \hbox (badness 10000) in paragraph at lines 150--182
$
 []


Underfull \hbox (badness 10000) in paragraph at lines 150--182

 []

[2]
Overfull \hbox (8.65794pt too wide) in paragraph at lines 184--248
\OML/cmm/m/it/12 LowerPricePurchased\OT1/cmr/m/n/12 ([]) := ^^E[]\OML/cmm/m/it/
12 ^^[[][] 
 []


Underfull \hbox (badness 10000) in paragraph at lines 184--248
$
 []


Underfull \hbox (badness 10000) in paragraph at lines 184--248

 []


Overfull \hbox (42.04012pt too wide) in paragraph at lines 250--345
\OML/cmm/m/it/12 AllSeats\OT1/cmr/m/n/12 ([]) := ^^E[]\OML/cmm/m/it/12 ^^[[][] 

 []


Overfull \hbox (12.00504pt too wide) in paragraph at lines 250--345
\OML/cmm/m/it/12 ^^[[]\OT1/cmr/m/n/12 (\OML/cmm/m/it/12 AllVenuesInNY .[]/ \OT1
/cmr/m/n/12 (\OML/cmm/m/it/12 ^^Z[]T\OT1/cmr/m/n/12 1 \OMS/cmsy/m/n/12 ^^B \OML
/cmm/m/it/12 ^^Z[]T\OT1/cmr/m/n/12 2)) 
 []


Overfull \hbox (50.11095pt too wide) in paragraph at lines 250--345
\OML/cmm/m/it/12 Answer\OT1/cmr/m/n/12 ([]) := ^^E[][] 
 []


Overfull \hbox (9.69736pt too wide) in paragraph at lines 250--345
\OML/cmm/m/it/12 ^^[[]\OT1/cmr/m/n/12 (\OML/cmm/m/it/12 HighestPrice .[]/ Least
Price\OT1/cmr/m/n/12 ) 
 []


Underfull \hbox (badness 10000) in paragraph at lines 250--345
$
 []


Underfull \hbox (badness 10000) in paragraph at lines 250--345

 []

[3]
Overfull \hbox (10.3631pt too wide) in paragraph at lines 352--408
\OML/cmm/m/it/12 AllAccessible\OT1/cmr/m/n/12 ([]) := ^^E[]\OML/cmm/m/it/12 ^^[
[]\OT1/cmr/m/n/12 (\OML/cmm/m/it/12 Seat .[]/ Event\OT1/cmr/m/n/12 ) 
 []


Overfull \hbox (27.1798pt too wide) in paragraph at lines 352--408
\OT1/cmr/m/n/12 ^^E[]\OML/cmm/m/it/12 ^^[[]\OT1/cmr/m/n/12 (\OML/cmm/m/it/12 Al
lAccessible .[]/ Ticket\OT1/cmr/m/n/12 ) 
 []


Overfull \hbox (34.21463pt too wide) in paragraph at lines 352--408
\OML/cmm/m/it/12 ^^[[]\OT1/cmr/m/n/12 (\OML/cmm/m/it/12 ^^Z[]A\OT1/cmr/m/n/12 1
 \OMS/cmsy/m/n/12 ^^B \OML/cmm/m/it/12 ^^Z[]A\OT1/cmr/m/n/12 2) 
 []


Overfull \hbox (14.58293pt too wide) in paragraph at lines 352--408
\OT1/cmr/m/n/12 ^^E[]\OML/cmm/m/it/12 ^^[[][] 
 []


Underfull \hbox (badness 10000) in paragraph at lines 352--408

 []

[4]
Overfull \hbox (16.71434pt too wide) in paragraph at lines 413--457
\OML/cmm/m/it/12 ^^[[]\OT1/cmr/m/n/12 (\OML/cmm/m/it/12 Seat .[]/ Event .[]/ Pu
rchase\OT1/cmr/m/n/12 ) 
 []


Overfull \hbox (10.03035pt too wide) in paragraph at lines 413--457
\OML/cmm/m/it/12 AtLeastTwo\OT1/cmr/m/n/12 ([]) := ^^E[]\OML/cmm/m/it/12 ^^[[][
] 
 []


Underfull \hbox (badness 10000) in paragraph at lines 413--457

 []


Overfull \hbox (19.98923pt too wide) in paragraph at lines 457--504
\OT1/cmr/m/n/12 ^^E[]\OML/cmm/m/it/12 ^^[[]\OT1/cmr/m/n/12 (\OML/cmm/m/it/12 ^^
Z[]P\OT1/cmr/m/n/12 1 \OMS/cmsy/m/n/12 ^^B \OML/cmm/m/it/12 ^^Z[]P\OT1/cmr/m/n/
12 2) 
 []


Underfull \hbox (badness 10000) in paragraph at lines 457--504
$
 []


Underfull \hbox (badness 10000) in paragraph at lines 457--504

 []


Overfull \hbox (18.96915pt too wide) in paragraph at lines 506--572
\OML/cmm/m/it/12 AllVenues\OT1/cmr/m/n/12 ([]) := ^^E[]\OML/cmm/m/it/12 ^^[[][]
 
 []


Overfull \hbox (9.0524pt too wide) in paragraph at lines 506--572
\OML/cmm/m/it/12 AllTickets\OT1/cmr/m/n/12 ([]) := ^^E[]\OML/cmm/m/it/12 ^^[[]\
OT1/cmr/m/n/12 (\OML/cmm/m/it/12 AllVenues .[]/ Ticket\OT1/cmr/m/n/12 ) 
 []


Underfull \hbox (badness 10000) in paragraph at lines 506--572
$
 []


Underfull \hbox (badness 10000) in paragraph at lines 506--572

 []

[5]
Overfull \hbox (17.42606pt too wide) in paragraph at lines 574--657
\OML/cmm/m/it/12 AllTalks\OT1/cmr/m/n/12 ([]) := ^^E[]\OML/cmm/m/it/12 ^^[[][] 

 []


Overfull \hbox (37.68553pt too wide) in paragraph at lines 574--657
\OML/cmm/m/it/12 NotSecondTalk\OT1/cmr/m/n/12 ([]) := ^^E[]\OML/cmm/m/it/12 ^^[
[]\OT1/cmr/m/n/12 (\OML/cmm/m/it/12 ^^Z[]T\OT1/cmr/m/n/12 3 \OMS/cmsy/m/n/12 ^^
B \OML/cmm/m/it/12 ^^Z[]T\OT1/cmr/m/n/12 4) 
 []


Overfull \hbox (4.98863pt too wide) in paragraph at lines 574--657
\OML/cmm/m/it/12 FirstTalkUsers\OT1/cmr/m/n/12 ([]) := ^^E[]\OML/cmm/m/it/12 ^^
[[][] 
 []


Overfull \hbox (19.8936pt too wide) in paragraph at lines 574--657
\OML/cmm/m/it/12 SecondTalkUsers\OT1/cmr/m/n/12 ([]) := ^^E[]\OML/cmm/m/it/12 ^
^[[][] 
 []


Underfull \hbox (badness 10000) in paragraph at lines 574--657

 []

[6]
Underfull \hbox (badness 10000) in paragraph at lines 666--678

 []


Underfull \hbox (badness 10000) in paragraph at lines 678--687
$
 []


Underfull \hbox (badness 10000) in paragraph at lines 678--687

 []

[7] (./A1.aux) ) 
Here is how much of TeX's memory you used:
 709 strings out of 493089
 8077 string characters out of 6134842
 62889 words of memory out of 5000000
 4223 multiletter control sequences out of 15000+600000
 13164 words of font info for 51 fonts, out of 8000000 for 9000
 1141 hyphenation exceptions out of 8191
 25i,4n,26p,169b,188s stack positions out of 5000i,500n,10000p,200000b,80000s
</usr/local/texlive/2015/texmf-dist/fonts/type1/public/amsfonts
/cm/cmbx12.pfb></usr/local/texlive/2015/texmf-dist/fonts/type1/public/amsfonts/
cm/cmcsc10.pfb></usr/local/texlive/2015/texmf-dist/fonts/type1/public/amsfonts/
cm/cmmi10.pfb></usr/local/texlive/2015/texmf-dist/fonts/type1/public/amsfonts/c
m/cmmi12.pfb></usr/local/texlive/2015/texmf-dist/fonts/type1/public/amsfonts/cm
/cmmi7.pfb></usr/local/texlive/2015/texmf-dist/fonts/type1/public/amsfonts/cm/c
mmi8.pfb></usr/local/texlive/2015/texmf-dist/fonts/type1/public/amsfonts/cm/cmr
10.pfb></usr/local/texlive/2015/texmf-dist/fonts/type1/public/amsfonts/cm/cmr12
.pfb></usr/local/texlive/2015/texmf-dist/fonts/type1/public/amsfonts/cm/cmr7.pf
b></usr/local/texlive/2015/texmf-dist/fonts/type1/public/amsfonts/cm/cmr8.pfb><
/usr/local/texlive/2015/texmf-dist/fonts/type1/public/amsfonts/cm/cmsy10.pfb></
usr/local/texlive/2015/texmf-dist/fonts/type1/public/amsfonts/cm/cmsy6.pfb></us
r/local/texlive/2015/texmf-dist/fonts/type1/public/amsfonts/cm/cmsy8.pfb></usr/
local/texlive/2015/texmf-dist/fonts/type1/public/amsfonts/cm/cmti10.pfb></usr/l
ocal/texlive/2015/texmf-dist/fonts/type1/public/amsfonts/cm/cmti12.pfb></usr/lo
cal/texlive/2015/texmf-dist/fonts/type1/public/amsfonts/cm/cmtt10.pfb>
Output written on A1.pdf (7 pages, 191945 bytes).
PDF statistics:
 92 PDF objects out of 1000 (max. 8388607)
 66 compressed objects within 1 object stream
 0 named destinations out of 1000 (max. 500000)
 1 words of extra memory for PDF output out of 10000 (max. 10000000)

